<?xml version="1.0" encoding="UTF-8"?>
<testng-results skipped="0" failed="0" ignored="0" total="1" passed="1">
  <reporter-output>
  </reporter-output>
  <suite name="Default suite" duration-ms="4501" started-at="2019-05-24T12:34:12Z" finished-at="2019-05-24T12:34:17Z">
    <groups>
    </groups>
    <test name="Default test" duration-ms="4501" started-at="2019-05-24T12:34:12Z" finished-at="2019-05-24T12:34:17Z">
      <class name="Academy.validateNavigationBar">
        <test-method status="PASS" signature="initialize()[pri:0, instance:Academy.validateNavigationBar@7e9131d5]" name="initialize" is-config="true" duration-ms="4187" started-at="2019-05-24T12:34:12Z" finished-at="2019-05-24T12:34:16Z">
          <reporter-output>
          </reporter-output>
        </test-method> <!-- initialize -->
        <test-method status="PASS" signature="validateAppNavBar()[pri:0, instance:Academy.validateNavigationBar@7e9131d5]" name="validateAppNavBar" duration-ms="105" started-at="2019-05-24T12:34:16Z" finished-at="2019-05-24T12:34:17Z">
          <reporter-output>
          </reporter-output>
        </test-method> <!-- validateAppNavBar -->
        <test-method status="PASS" signature="teardown()[pri:0, instance:Academy.validateNavigationBar@7e9131d5]" name="teardown" is-config="true" duration-ms="178" started-at="2019-05-24T12:34:17Z" finished-at="2019-05-24T12:34:17Z">
          <reporter-output>
          </reporter-output>
        </test-method> <!-- teardown -->
      </class> <!-- Academy.validateNavigationBar -->
    </test> <!-- Default test -->
  </suite> <!-- Default suite -->
</testng-results>
